<?xml version="1.0" encoding="UTF-8"?>
<coverage generated="1649336030626" clover="3.2.0">
  <project timestamp="1649336030626" name="All files">
    <metrics statements="13" coveredstatements="4" conditionals="0" coveredconditionals="0" methods="1" coveredmethods="0" elements="14" coveredelements="4" complexity="0" loc="13" ncloc="13" packages="1" files="2" classes="2"/>
    <file name="controller.ts" path="/home/arthurhdo/Documents/node challenge/node-challenge/src/controllers/controller.ts">
      <metrics statements="11" coveredstatements="2" conditionals="0" coveredconditionals="0" methods="1" coveredmethods="0"/>
      <line num="1" count="1" type="stmt"/>
      <line num="8" count="0" type="stmt"/>
      <line num="9" count="0" type="stmt"/>
      <line num="10" count="0" type="stmt"/>
      <line num="12" count="0" type="stmt"/>
      <line num="13" count="0" type="stmt"/>
      <line num="15" count="0" type="stmt"/>
      <line num="22" count="0" type="stmt"/>
      <line num="26" count="0" type="stmt"/>
      <line num="34" count="0" type="stmt"/>
      <line num="38" count="1" type="stmt"/>
    </file>
    <file name="mocks.ts" path="/home/arthurhdo/Documents/node challenge/node-challenge/src/controllers/mocks.ts">
      <metrics statements="2" coveredstatements="2" conditionals="0" coveredconditionals="0" methods="0" coveredmethods="0"/>
      <line num="2" count="1" type="stmt"/>
      <line num="42" count="1" type="stmt"/>
    </file>
  </project>
</coverage>
