{"/home/arthurhdo/Documents/node challenge/node-challenge/src/controllers/controller.ts": {"path":"/home/arthurhdo/Documents/node challenge/node-challenge/src/controllers/controller.ts","statementMap":{"0":{"start":{"line":1,"column":0},"end":{"line":1,"column":26}},"1":{"start":{"line":8,"column":25},"end":{"line":8,"column":35}},"2":{"start":{"line":9,"column":29},"end":{"line":9,"column":84}},"3":{"start":{"line":10,"column":47},"end":{"line":10,"column":49}},"4":{"start":{"line":12,"column":8},"end":{"line":23,"column":10}},"5":{"start":{"line":12,"column":20},"end":{"line":12,"column":21}},"6":{"start":{"line":13,"column":30},"end":{"line":13,"column":114}},"7":{"start":{"line":15,"column":47},"end":{"line":20,"column":null}},"8":{"start":{"line":22,"column":12},"end":{"line":22,"column":48}},"9":{"start":{"line":26,"column":31},"end":{"line":32,"column":10}},"10":{"start":{"line":34,"column":8},"end":{"line":34,"column":42}},"11":{"start":{"line":38,"column":9},"end":{"line":38,"column":19}}},"fnMap":{"0":{"name":"(anonymous_8)","decl":{"start":{"line":7,"column":10},"end":{"line":7,"column":16}},"loc":{"start":{"line":7,"column":44},"end":{"line":35,"column":null}}}},"branchMap":{},"s":{"0":1,"1":0,"2":0,"3":0,"4":0,"5":0,"6":0,"7":0,"8":0,"9":0,"10":0,"11":1},"f":{"0":0},"b":{}}
,"/home/arthurhdo/Documents/node challenge/node-challenge/src/controllers/mocks.ts": {"path":"/home/arthurhdo/Documents/node challenge/node-challenge/src/controllers/mocks.ts","statementMap":{"0":{"start":{"line":2,"column":2},"end":{"line":39,"column":null}},"1":{"start":{"line":42,"column":9},"end":{"line":42,"column":19}}},"fnMap":{},"branchMap":{},"s":{"0":1,"1":1},"f":{},"b":{}}
}
